2019-01-08 21:15:28,148  - INFO  manager login.
2019-01-08 21:15:45,096  - INFO  alex credit modify : 20000.
2019-01-08 21:15:59,716  - INFO  test is created.
2019-01-08 21:16:07,914  - INFO  account test blockd!
2019-01-09 18:47:49,116  - WARNING  manager µÇÂ½ÕËºÅÃÜÂë´íÎó¡£
2019-01-09 18:48:14,845  - WARNING  manager µÇÂ½ÕËºÅÃÜÂë´íÎó¡£
2019-01-09 18:48:23,565  - WARNING  manager µÇÂ½ÕËºÅÃÜÂë´íÎó¡£
2019-01-09 18:49:25,140  - WARNING  manager µÇÂ½ÕËºÅÃÜÂë´íÎó¡£
2019-01-09 18:51:09,101  - INFO  manager login.
2019-01-09 18:51:26,261  - WARNING  manager µÇÂ½ÕËºÅÃÜÂë´íÎó¡£
2019-01-09 18:53:21,965  - WARNING  manager µÇÂ½ÕËºÅÃÜÂë´íÎó¡£
2019-01-09 18:54:48,784  - INFO  manager login.
2019-01-09 18:56:06,958  - INFO  ctz is created.
2019-01-09 19:25:05,595  - INFO  ctz credit modify : 50000.
2019-01-09 19:39:28,935  - INFO  manager login.
2019-01-09 19:39:38,786  - INFO  chentaizhang is created.
2019-01-09 19:39:47,755  - INFO  chentaizhang credit modify : 125556.
2019-01-09 19:39:54,707  - INFO  account chentaizhang is blockd!
2019-01-09 19:53:14,888  - INFO  manager login.
2019-01-09 19:53:22,241  - INFO  hx is created.
2019-01-09 19:53:29,163  - INFO  hx credit modify : 1478956.
2019-01-09 19:53:34,642  - INFO  account hx is blockd!
2019-01-09 20:01:24,565  - INFO  manager login.
2019-01-09 20:07:02,589  - INFO  manager login.
2019-01-09 20:07:07,674  - INFO  aa is created.
2019-01-09 20:07:15,713  - INFO  aa credit modify : 5000.
2019-01-09 20:07:21,522  - INFO  account aa is blockd!
