2019-01-08 15:50:50,122  - INFO  alex withdraw $100
2019-01-08 15:51:25,338  - INFO  alex transfer to egon $100
2019-01-08 15:51:40,107  - INFO  alex repayment $100
2019-01-08 15:51:47,728  - INFO  alex view_record
2019-01-08 15:53:28,586  - INFO  alex shopping_cost $2009
2019-01-08 19:39:24,985  - INFO  egon withdraw $1000
2019-01-08 19:39:33,205  - INFO  egon view_record
2019-01-08 20:55:24,962  - INFO  manager login.
2019-01-08 21:14:05,945  - INFO  manager login.
2019-01-08 21:17:44,146  - INFO  alex withdraw $1000
2019-01-08 21:18:31,491  - INFO  alex transfer to test $1000
2019-01-08 21:19:01,400  - INFO  alex withdraw $5000
2019-01-08 21:19:05,001  - INFO  alex repayment $100
2019-01-08 21:19:09,876  - INFO  alex view_record
2019-01-08 21:20:33,317  - INFO  alex repayment $100
2019-01-08 21:21:09,254  - INFO  alex shopping_cost $2029
2019-01-08 21:21:32,144  - INFO  alex view_record
2019-01-09 19:26:15,909  - INFO  ctz withdraw $1000
2019-01-09 19:27:31,489  - INFO  ctz transfer to alex $1000
2019-01-09 19:27:37,059  - INFO  ctz view_record
2019-01-09 20:07:40,160  - INFO  ctz withdraw $89
2019-01-09 20:07:49,836  - INFO  ctz transfer to alex $569
2019-01-09 20:07:51,851  - INFO  ctz view_record
2019-01-09 20:11:07,503  - INFO  ctz shopping_cost $4008
2019-01-09 20:11:16,334  - INFO  ctz shopping_cost $4008
2019-01-09 20:13:15,406  - INFO  ctz shopping_cost $2009
2019-01-09 20:14:14,168  - INFO  ctz shopping_cost $998
2019-01-09 20:14:28,936  - INFO  ctz shopping_cost $1008
2019-01-09 20:14:45,644  - INFO  ctz view_record
2019-01-09 20:47:59,780  - INFO  alex withdraw $200
